  allocator.c
C:\Users\nturk\Documents\KPI\Operation Systems - Dufychin\lab1\lab1\allocator.c(78,34): warning C4028: формальный параметр 1 отличается от объявления
C:\Users\nturk\Documents\KPI\Operation Systems - Dufychin\lab1\lab1\allocator.c(208,23): warning C4133: функция: несовместимые типы - из "mem_block_header_t *" в "unsigned char *"
C:\Users\nturk\Documents\KPI\Operation Systems - Dufychin\lab1\lab1\allocator.c(251,11): warning C4098: split_mem_block: функция типа "void", возвращающая значение
C:\Users\nturk\Documents\KPI\Operation Systems - Dufychin\lab1\lab1\allocator.c(293,28): warning C4047: функция: "unsigned char *" отличается по уровням косвенного обращения от "mem_block_header_t **"
C:\Users\nturk\Documents\KPI\Operation Systems - Dufychin\lab1\lab1\allocator.c(293,28): warning C4024: freeAndUnProtected: различные типы для формального и фактического параметров 1
  dump.c
C:\Users\nturk\Documents\KPI\Operation Systems - Dufychin\lab1\lab1\dump.c(8,9): warning C4477: "printf": в строке форматирования "%d" требуется аргумент типа "int", но вариативный аргумент "1" имеет тип "size_t"
C:\Users\nturk\Documents\KPI\Operation Systems - Dufychin\lab1\lab1\dump.c(8,9): message : рекомендуется использовать "%zd" в строке форматирования
C:\Users\nturk\Documents\KPI\Operation Systems - Dufychin\lab1\lab1\dump.c(10,9): warning C4477: "printf": в строке форматирования "%d" требуется аргумент типа "int", но вариативный аргумент "1" имеет тип "size_t"
C:\Users\nturk\Documents\KPI\Operation Systems - Dufychin\lab1\lab1\dump.c(10,9): message : рекомендуется использовать "%zd" в строке форматирования
C:\Users\nturk\Documents\KPI\Operation Systems - Dufychin\lab1\lab1\dump.c(22,10): warning C4477: "printf": в строке форматирования "%d" требуется аргумент типа "int", но вариативный аргумент "1" имеет тип "size_t"
C:\Users\nturk\Documents\KPI\Operation Systems - Dufychin\lab1\lab1\dump.c(22,10): message : рекомендуется использовать "%zd" в строке форматирования
C:\Users\nturk\Documents\KPI\Operation Systems - Dufychin\lab1\lab1\dump.c(24,10): warning C4477: "printf": в строке форматирования "%d" требуется аргумент типа "int", но вариативный аргумент "1" имеет тип "__int64"
C:\Users\nturk\Documents\KPI\Operation Systems - Dufychin\lab1\lab1\dump.c(24,10): message : рекомендуется использовать "%lld" в строке форматирования
C:\Users\nturk\Documents\KPI\Operation Systems - Dufychin\lab1\lab1\dump.c(24,10): message : рекомендуется использовать "%Id" в строке форматирования
C:\Users\nturk\Documents\KPI\Operation Systems - Dufychin\lab1\lab1\dump.c(24,10): message : рекомендуется использовать "%I64d" в строке форматирования
  main.c
  Создание кода...
  lab1.vcxproj -> C:\Users\nturk\Documents\KPI\Operation Systems - Dufychin\lab1\x64\Debug\lab1.exe
